# JRE version: Java(TM) SE Runtime Environment (8.0_102-b14) (build 1.8.0_102-b14)
# Java VM: Java HotSpot(TM) 64-Bit Server VM (25.102-b14 mixed mode windows-amd64 compressed oops)
Heap:
 PSYoungGen      total 33280K, used 2367K [0x00000000db400000, 0x00000000dd900000, 0x0000000100000000)
  eden space 28672K, 8% used [0x00000000db400000,0x00000000db64ff50,0x00000000dd000000)
  from space 4608K, 0% used [0x00000000dd000000,0x00000000dd000000,0x00000000dd480000)
  to   space 4608K, 0% used [0x00000000dd480000,0x00000000dd480000,0x00000000dd900000)
 ParOldGen       total 55296K, used 16641K [0x0000000091c00000, 0x0000000095200000, 0x00000000db400000)
  object space 55296K, 30% used [0x0000000091c00000,0x0000000092c40568,0x0000000095200000)
 Metaspace       used 16532K, capacity 17474K, committed 17792K, reserved 1069056K
  class space    used 2463K, capacity 2658K, committed 2688K, reserved 1048576K
GC Heap History (10 events):
Event: 1.538 GC heap before
{Heap before GC invocations=2 (full 1):
 PSYoungGen      total 33280K, used 2640K [0x00000000db400000, 0x00000000dd900000, 0x0000000100000000)
  eden space 28672K, 0% used [0x00000000db400000,0x00000000db400000,0x00000000dd000000)
  from space 4608K, 57% used [0x00000000dd000000,0x00000000dd294010,0x00000000dd480000)
  to   space 4608K, 0% used [0x00000000dd480000,0x00000000dd480000,0x00000000dd900000)
 ParOldGen       total 76800K, used 80K [0x0000000091c00000, 0x0000000096700000, 0x00000000db400000)
  object space 76800K, 0% used [0x0000000091c00000,0x0000000091c14010,0x0000000096700000)
 Metaspace       used 10142K, capacity 10574K, committed 10624K, reserved 1058816K
  class space    used 1285K, capacity 1406K, committed 1408K, reserved 1048576K
Event: 1.559 GC heap after
Heap after GC invocations=2 (full 1):
 PSYoungGen      total 33280K, used 0K [0x00000000db400000, 0x00000000dd900000, 0x0000000100000000)
  eden space 28672K, 0% used [0x00000000db400000,0x00000000db400000,0x00000000dd000000)
  from space 4608K, 0% used [0x00000000dd000000,0x00000000dd000000,0x00000000dd480000)
  to   space 4608K, 0% used [0x00000000dd480000,0x00000000dd480000,0x00000000dd900000)
 ParOldGen       total 55296K, used 2623K [0x0000000091c00000, 0x0000000095200000, 0x00000000db400000)
  object space 55296K, 4% used [0x0000000091c00000,0x0000000091e8fcb8,0x0000000095200000)
 Metaspace       used 10142K, capacity 10574K, committed 10624K, reserved 1058816K
  class space    used 1285K, capacity 1406K, committed 1408K, reserved 1048576K
}
Event: 2.746 GC heap before
{Heap before GC invocations=3 (full 1):
 PSYoungGen      total 33280K, used 27294K [0x00000000db400000, 0x00000000dd900000, 0x0000000100000000)
  eden space 28672K, 95% used [0x00000000db400000,0x00000000dcea7908,0x00000000dd000000)
  from space 4608K, 0% used [0x00000000dd000000,0x00000000dd000000,0x00000000dd480000)
  to   space 4608K, 0% used [0x00000000dd480000,0x00000000dd480000,0x00000000dd900000)
 ParOldGen       total 55296K, used 2623K [0x0000000091c00000, 0x0000000095200000, 0x00000000db400000)
  object space 55296K, 4% used [0x0000000091c00000,0x0000000091e8fcb8,0x0000000095200000)
 Metaspace       used 15594K, capacity 16310K, committed 16384K, reserved 1067008K
  class space    used 2324K, capacity 2486K, committed 2560K, reserved 1048576K
Event: 2.755 GC heap after
Heap after GC invocations=3 (full 1):
 PSYoungGen      total 33280K, used 1649K [0x00000000db400000, 0x00000000dd900000, 0x0000000100000000)
  eden space 28672K, 0% used [0x00000000db400000,0x00000000db400000,0x00000000dd000000)
  from space 4608K, 35% used [0x00000000dd480000,0x00000000dd61c480,0x00000000dd900000)
  to   space 4608K, 0% used [0x00000000dd000000,0x00000000dd000000,0x00000000dd480000)
 ParOldGen       total 55296K, used 15111K [0x0000000091c00000, 0x0000000095200000, 0x00000000db400000)
  object space 55296K, 27% used [0x0000000091c00000,0x0000000092ac1ea8,0x0000000095200000)
 Metaspace       used 15594K, capacity 16310K, committed 16384K, reserved 1067008K
  class space    used 2324K, capacity 2486K, committed 2560K, reserved 1048576K
}
Event: 2.756 GC heap before
{Heap before GC invocations=4 (full 2):
 PSYoungGen      total 33280K, used 1649K [0x00000000db400000, 0x00000000dd900000, 0x0000000100000000)
  eden space 28672K, 0% used [0x00000000db400000,0x00000000db400000,0x00000000dd000000)
  from space 4608K, 35% used [0x00000000dd480000,0x00000000dd61c480,0x00000000dd900000)
  to   space 4608K, 0% used [0x00000000dd000000,0x00000000dd000000,0x00000000dd480000)
 ParOldGen       total 55296K, used 15111K [0x0000000091c00000, 0x0000000095200000, 0x00000000db400000)
  object space 55296K, 27% used [0x0000000091c00000,0x0000000092ac1ea8,0x0000000095200000)
 Metaspace       used 15594K, capacity 16310K, committed 16384K, reserved 1067008K
  class space    used 2324K, capacity 2486K, committed 2560K, reserved 1048576K
Event: 2.800 GC heap after
Heap after GC invocations=4 (full 2):
 PSYoungGen      total 33280K, used 0K [0x00000000db400000, 0x00000000dd900000, 0x0000000100000000)
  eden space 28672K, 0% used [0x00000000db400000,0x00000000db400000,0x00000000dd000000)
  from space 4608K, 0% used [0x00000000dd480000,0x00000000dd480000,0x00000000dd900000)
  to   space 4608K, 0% used [0x00000000dd000000,0x00000000dd000000,0x00000000dd480000)
 ParOldGen       total 55296K, used 16503K [0x0000000091c00000, 0x0000000095200000, 0x00000000db400000)
  object space 55296K, 29% used [0x0000000091c00000,0x0000000092c1dc40,0x0000000095200000)
 Metaspace       used 15594K, capacity 16310K, committed 16384K, reserved 1064960K
  class space    used 2324K, capacity 2486K, committed 2560K, reserved 1048576K
}
Event: 2.886 GC heap before
{Heap before GC invocations=5 (full 2):
 PSYoungGen      total 33280K, used 2080K [0x00000000db400000, 0x00000000dd900000, 0x0000000100000000)
  eden space 28672K, 7% used [0x00000000db400000,0x00000000db6081d8,0x00000000dd000000)
  from space 4608K, 0% used [0x00000000dd480000,0x00000000dd480000,0x00000000dd900000)
  to   space 4608K, 0% used [0x00000000dd000000,0x00000000dd000000,0x00000000dd480000)
 ParOldGen       total 55296K, used 16503K [0x0000000091c00000, 0x0000000095200000, 0x00000000db400000)
  object space 55296K, 29% used [0x0000000091c00000,0x0000000092c1dc40,0x0000000095200000)
 Metaspace       used 16025K, capacity 16900K, committed 17024K, reserved 1069056K
  class space    used 2393K, capacity 2581K, committed 2688K, reserved 1048576K
Event: 2.889 GC heap after
Heap after GC invocations=5 (full 2):
 PSYoungGen      total 33280K, used 448K [0x00000000db400000, 0x00000000dd900000, 0x0000000100000000)
  eden space 28672K, 0% used [0x00000000db400000,0x00000000db400000,0x00000000dd000000)
  from space 4608K, 9% used [0x00000000dd000000,0x00000000dd070000,0x00000000dd480000)
  to   space 4608K, 0% used [0x00000000dd480000,0x00000000dd480000,0x00000000dd900000)
 ParOldGen       total 55296K, used 16511K [0x0000000091c00000, 0x0000000095200000, 0x00000000db400000)
  object space 55296K, 29% used [0x0000000091c00000,0x0000000092c1fc40,0x0000000095200000)
 Metaspace       used 16025K, capacity 16900K, committed 17024K, reserved 1069056K
  class space    used 2393K, capacity 2581K, committed 2688K, reserved 1048576K
}
Event: 2.889 GC heap before
{Heap before GC invocations=6 (full 3):
 PSYoungGen      total 33280K, used 448K [0x00000000db400000, 0x00000000dd900000, 0x0000000100000000)
  eden space 28672K, 0% used [0x00000000db400000,0x00000000db400000,0x00000000dd000000)
  from space 4608K, 9% used [0x00000000dd000000,0x00000000dd070000,0x00000000dd480000)
  to   space 4608K, 0% used [0x00000000dd480000,0x00000000dd480000,0x00000000dd900000)
 ParOldGen       total 55296K, used 16511K [0x0000000091c00000, 0x0000000095200000, 0x00000000db400000)
  object space 55296K, 29% used [0x0000000091c00000,0x0000000092c1fc40,0x0000000095200000)
 Metaspace       used 16025K, capacity 16900K, committed 17024K, reserved 1069056K
  class space    used 2393K, capacity 2581K, committed 2688K, reserved 1048576K
Event: 2.957 GC heap after
Heap after GC invocations=6 (full 3):
 PSYoungGen      total 33280K, used 0K [0x00000000db400000, 0x00000000dd900000, 0x0000000100000000)
  eden space 28672K, 0% used [0x00000000db400000,0x00000000db400000,0x00000000dd000000)
  from space 4608K, 0% used [0x00000000dd000000,0x00000000dd000000,0x00000000dd480000)
  to   space 4608K, 0% used [0x00000000dd480000,0x00000000dd480000,0x00000000dd900000)
 ParOldGen       total 55296K, used 16641K [0x0000000091c00000, 0x0000000095200000, 0x00000000db400000)
  object space 55296K, 30% used [0x0000000091c00000,0x0000000092c40568,0x0000000095200000)
 Metaspace       used 16025K, capacity 16900K, committed 17024K, reserved 1067008K
  class space    used 2393K, capacity 2581K, committed 2688K, reserved 1048576K
}

